<?xml version="1.0" encoding="UTF-8"?>
<testng-results ignored="0" total="2" passed="1" failed="1" skipped="0">
  <reporter-output>
  </reporter-output>
  <suite started-at="2022-08-28T15:23:43 IST" name="Default suite" finished-at="2022-08-28T15:24:09 IST" duration-ms="25581">
    <groups>
    </groups>
    <test started-at="2022-08-28T15:23:43 IST" name="Default test" finished-at="2022-08-28T15:24:09 IST" duration-ms="25581">
      <class name="test.LoginPageTest">
        <test-method is-config="true" signature="configureReport()[pri:0, instance:test.LoginPageTest@202b0582]" started-at="2022-08-28T15:23:43 IST" name="configureReport" finished-at="2022-08-28T15:23:44 IST" duration-ms="505" status="PASS">
          <reporter-output>
          </reporter-output>
        </test-method> <!-- configureReport -->
        <test-method is-config="true" signature="launchBrowser()[pri:0, instance:test.LoginPageTest@202b0582]" started-at="2022-08-28T15:23:44 IST" name="launchBrowser" finished-at="2022-08-28T15:23:50 IST" duration-ms="6357" status="PASS">
          <reporter-output>
          </reporter-output>
        </test-method> <!-- launchBrowser -->
        <test-method signature="LoginzerodhaTest()[pri:1, instance:test.LoginPageTest@202b0582]" started-at="2022-08-28T15:23:50 IST" name="LoginzerodhaTest" finished-at="2022-08-28T15:23:56 IST" duration-ms="5819" status="FAIL">
          <exception class="java.lang.AssertionError">
            <message>
              <![CDATA[The following asserts failed:
expected [Kite - Zerodha's fast and elegant flagship trading platfor] but found [Kite - Zerodha's fast and elegant flagship trading platform]]]>
            </message>
            <full-stacktrace>
              <![CDATA[java.lang.AssertionError: The following asserts failed:
expected [Kite - Zerodha's fast and elegant flagship trading platfor] but found [Kite - Zerodha's fast and elegant flagship trading platform]
at org.testng.asserts.SoftAssert.assertAll(SoftAssert.java:46)
at org.testng.asserts.SoftAssert.assertAll(SoftAssert.java:30)
at test.LoginPageTest.LoginzerodhaTest(LoginPageTest.java:63)
at java.base/jdk.internal.reflect.NativeMethodAccessorImpl.invoke0(Native Method)
at java.base/jdk.internal.reflect.NativeMethodAccessorImpl.invoke(NativeMethodAccessorImpl.java:77)
at java.base/jdk.internal.reflect.DelegatingMethodAccessorImpl.invoke(DelegatingMethodAccessorImpl.java:43)
at java.base/java.lang.reflect.Method.invoke(Method.java:568)
at org.testng.internal.invokers.MethodInvocationHelper.invokeMethod(MethodInvocationHelper.java:139)
at org.testng.internal.invokers.TestInvoker.invokeMethod(TestInvoker.java:677)
at org.testng.internal.invokers.TestInvoker.invokeTestMethod(TestInvoker.java:221)
at org.testng.internal.invokers.MethodRunner.runInSequence(MethodRunner.java:50)
at org.testng.internal.invokers.TestInvoker$MethodInvocationAgent.invoke(TestInvoker.java:962)
at org.testng.internal.invokers.TestInvoker.invokeTestMethods(TestInvoker.java:194)
at org.testng.internal.invokers.TestMethodWorker.invokeTestMethods(TestMethodWorker.java:148)
at org.testng.internal.invokers.TestMethodWorker.run(TestMethodWorker.java:128)
at java.base/java.util.ArrayList.forEach(ArrayList.java:1511)
at org.testng.TestRunner.privateRun(TestRunner.java:806)
at org.testng.TestRunner.run(TestRunner.java:601)
at org.testng.SuiteRunner.runTest(SuiteRunner.java:433)
at org.testng.SuiteRunner.runSequentially(SuiteRunner.java:427)
at org.testng.SuiteRunner.privateRun(SuiteRunner.java:387)
at org.testng.SuiteRunner.run(SuiteRunner.java:330)
at org.testng.SuiteRunnerWorker.runSuite(SuiteRunnerWorker.java:52)
at org.testng.SuiteRunnerWorker.run(SuiteRunnerWorker.java:95)
at org.testng.TestNG.runSuitesSequentially(TestNG.java:1256)
at org.testng.TestNG.runSuitesLocally(TestNG.java:1176)
at org.testng.TestNG.runSuites(TestNG.java:1099)
at org.testng.TestNG.run(TestNG.java:1067)
at org.testng.remote.AbstractRemoteTestNG.run(AbstractRemoteTestNG.java:115)
at org.testng.remote.RemoteTestNG.initAndRun(RemoteTestNG.java:251)
at org.testng.remote.RemoteTestNG.main(RemoteTestNG.java:77)
]]>
            </full-stacktrace>
          </exception> <!-- java.lang.AssertionError -->
          <reporter-output>
          </reporter-output>
        </test-method> <!-- LoginzerodhaTest -->
        <test-method is-config="true" signature="postExecution(org.testng.ITestResult)[pri:0, instance:test.LoginPageTest@202b0582]" started-at="2022-08-28T15:23:57 IST" name="postExecution" finished-at="2022-08-28T15:23:57 IST" duration-ms="12" status="PASS">
          <params>
            <param index="0">
              <value>
                <![CDATA[[TestResult name=LoginzerodhaTest status=FAILURE method=LoginPageTest.LoginzerodhaTest()[pri:1, instance:test.LoginPageTest@202b0582] output={null}]]]>
              </value>
            </param>
          </params>
          <reporter-output>
          </reporter-output>
        </test-method> <!-- postExecution -->
        <test-method is-config="true" signature="launchBrowser()[pri:0, instance:test.LoginPageTest@202b0582]" started-at="2022-08-28T15:23:57 IST" name="launchBrowser" finished-at="2022-08-28T15:24:03 IST" duration-ms="6075" status="PASS">
          <reporter-output>
          </reporter-output>
        </test-method> <!-- launchBrowser -->
        <test-method signature="signup()[pri:2, instance:test.LoginPageTest@202b0582]" started-at="2022-08-28T15:24:03 IST" name="signup" finished-at="2022-08-28T15:24:08 IST" duration-ms="4632" status="PASS">
          <reporter-output>
          </reporter-output>
        </test-method> <!-- signup -->
        <test-method is-config="true" signature="postExecution(org.testng.ITestResult)[pri:0, instance:test.LoginPageTest@202b0582]" started-at="2022-08-28T15:24:08 IST" name="postExecution" finished-at="2022-08-28T15:24:08 IST" duration-ms="1" status="PASS">
          <params>
            <param index="0">
              <value>
                <![CDATA[[TestResult name=signup status=SUCCESS method=LoginPageTest.signup()[pri:2, instance:test.LoginPageTest@202b0582] output={null}]]]>
              </value>
            </param>
          </params>
          <reporter-output>
          </reporter-output>
        </test-method> <!-- postExecution -->
        <test-method is-config="true" signature="publishReport()[pri:0, instance:test.LoginPageTest@202b0582]" started-at="2022-08-28T15:24:08 IST" name="publishReport" finished-at="2022-08-28T15:24:09 IST" duration-ms="709" status="PASS">
          <reporter-output>
          </reporter-output>
        </test-method> <!-- publishReport -->
      </class> <!-- test.LoginPageTest -->
    </test> <!-- Default test -->
  </suite> <!-- Default suite -->
</testng-results>
